d:\uw\assignment-extra-credit-jonphanuw\extracredit\shapes\x64\debug\vc143.pdb
d:\uw\assignment-extra-credit-jonphanuw\extracredit\shapes\x64\debug\vc143.idb
d:\uw\assignment-extra-credit-jonphanuw\extracredit\shapes\x64\debug\triangletest.obj
d:\uw\assignment-extra-credit-jonphanuw\extracredit\shapes\x64\debug\triangle.obj
d:\uw\assignment-extra-credit-jonphanuw\extracredit\shapes\x64\debug\shapetest.obj
d:\uw\assignment-extra-credit-jonphanuw\extracredit\shapes\x64\debug\rectangletest.obj
d:\uw\assignment-extra-credit-jonphanuw\extracredit\shapes\x64\debug\rectangle.obj
d:\uw\assignment-extra-credit-jonphanuw\extracredit\shapes\x64\debug\pointtest.obj
d:\uw\assignment-extra-credit-jonphanuw\extracredit\shapes\x64\debug\point.obj
d:\uw\assignment-extra-credit-jonphanuw\extracredit\shapes\x64\debug\main.obj
d:\uw\assignment-extra-credit-jonphanuw\extracredit\shapes\x64\debug\circletest.obj
d:\uw\assignment-extra-credit-jonphanuw\extracredit\shapes\x64\debug\circle.obj
d:\uw\assignment-extra-credit-jonphanuw\extracredit\shapes\x64\debug\shapes.ilk
d:\uw\assignment-extra-credit-jonphanuw\extracredit\x64\debug\shapes.dll
d:\uw\assignment-extra-credit-jonphanuw\extracredit\x64\debug\shapes.pdb
d:\uw\assignment-extra-credit-jonphanuw\extracredit\x64\debug\shapes.lib
d:\uw\assignment-extra-credit-jonphanuw\extracredit\x64\debug\shapes.exp
d:\uw\assignment-extra-credit-jonphanuw\extracredit\shapes\x64\debug\shapes.tlog\cl.command.1.tlog
d:\uw\assignment-extra-credit-jonphanuw\extracredit\shapes\x64\debug\shapes.tlog\cl.read.1.tlog
d:\uw\assignment-extra-credit-jonphanuw\extracredit\shapes\x64\debug\shapes.tlog\cl.write.1.tlog
d:\uw\assignment-extra-credit-jonphanuw\extracredit\shapes\x64\debug\shapes.tlog\link.command.1.tlog
d:\uw\assignment-extra-credit-jonphanuw\extracredit\shapes\x64\debug\shapes.tlog\link.read.1.tlog
d:\uw\assignment-extra-credit-jonphanuw\extracredit\shapes\x64\debug\shapes.tlog\link.write.1.tlog
d:\uw\assignment-extra-credit-jonphanuw\extracredit\shapes\x64\debug\shapes.tlog\shapes.write.1u.tlog
